<?xml version="1.0" encoding="UTF-8"?>
<!-- Generated by org.testng.reporters.JUnitXMLReporter -->
<testsuite hostname="DESKTOP-13SH4JS" ignored="6" tests="0" failures="0" timestamp="2021-12-06T10:47:45 IST" time="0.013" errors="0">
  <testcase name="createOrgTypeIndustry" time="0.0" classname="com.comcastSDETTest.CreateOrganizationTest">
    <ignored/>
  </testcase> <!-- createOrgTypeIndustry -->
  <testcase name="@BeforeSuite bSMethod" time="0.0" classname="com.crm.comcastGenricUtility.BaseClass">
    <ignored/>
  </testcase> <!-- @BeforeSuite bSMethod -->
  <testcase name="TestCase" time="0.0" classname="com.comcastSDETTest.CreateOrganizationTest">
    <ignored/>
  </testcase> <!-- TestCase -->
  <testcase name="multipleTest" time="0.0" classname="com.comcastSDETTest.CreateContactTest">
    <ignored/>
  </testcase> <!-- multipleTest -->
  <testcase name="createContact" time="0.0" classname="com.comcastSDETTest.CreateContactTest">
    <ignored/>
  </testcase> <!-- createContact -->
  <testcase name="@AfterSuite aSuite" time="0.0" classname="com.crm.comcastGenricUtility.BaseClass">
    <ignored/>
  </testcase> <!-- @AfterSuite aSuite -->
</testsuite>
