<?xml version="1.0" encoding="UTF-8"?>
<!-- Generated by org.testng.reporters.JUnitXMLReporter -->
<testsuite hostname="DESKTOP-13SH4JS" ignored="0" name="Testng2" tests="1" failures="0" timestamp="2021-12-03T20:11:48 IST" time="8.455" errors="0">
  <testcase name="@BeforeMethod bMethod" time="1.951" classname="com.crm.comcastGenricUtility.BaseClass">
    <failure type="java.lang.NullPointerException">
      <![CDATA[java.lang.NullPointerException
at com.crm.comcastObjectRepository.LoginPage.loginToApp(LoginPage.java:47)
at com.crm.comcastGenricUtility.BaseClass.bMethod(BaseClass.java:60)
at java.util.ArrayList.forEach(ArrayList.java:1259)
... Removed 31 stack frames]]>
    </failure>
  </testcase> <!-- @BeforeMethod bMethod -->
  <testcase name="@AfterMethod aMethod" time="-1.638542508471E9" classname="com.crm.comcastGenricUtility.BaseClass">
    <skipped/>
  </testcase> <!-- @AfterMethod aMethod -->
  <testcase name="@AfterClass aClass" time="-1.638542508475E9" classname="com.crm.comcastGenricUtility.BaseClass">
    <skipped/>
  </testcase> <!-- @AfterClass aClass -->
  <testcase name="TestCase" time="0.0" classname="com.crmSDETPOMPractice.CreateOrganizationTest">
    <skipped/>
  </testcase> <!-- TestCase -->
</testsuite> <!-- Testng2 -->
